<?xml version="1.0" encoding="UTF-8"?>
<testsuite name="StringcalculatorTest" tests="1" skipped="0" failures="0" errors="0" timestamp="2020-01-16T11:14:29" hostname="kali" time="0.022">
  <properties/>
  <testcase name="multipleStringTestWithDelimiters()" classname="StringcalculatorTest" time="0.022"/>
  <system-out><![CDATA[]]></system-out>
  <system-err><![CDATA[]]></system-err>
</testsuite>
