<?xml version="1.0" encoding="UTF-8"?>
<testsuite name="StringcalculatorTest" tests="1" skipped="0" failures="0" errors="0" timestamp="2019-12-06T11:42:00" hostname="kali" time="0.008">
  <properties/>
  <testcase name="emptyStringTest()" classname="StringcalculatorTest" time="0.008"/>
  <system-out><![CDATA[]]></system-out>
  <system-err><![CDATA[]]></system-err>
</testsuite>
